[
  {
    "level": "INFO",
    "message": "android.ndkVersion from module build.gradle is [not set]"
  },
  {
    "level": "INFO",
    "message": "android.ndkPath from module build.gradle is not set"
  },
  {
    "level": "INFO",
    "message": "ndk.dir in local.properties is not set"
  },
  {
    "level": "INFO",
    "message": "Not considering ANDROID_NDK_HOME because support was removed after deprecation period."
  },
  {
    "level": "INFO",
    "message": "sdkFolder is D:\\Professional\\Android\\sdk"
  },
  {
    "level": "INFO",
    "message": "Because no explicit NDK was requested, the default version [21.1.6352462] for this Android Gradle Plugin will be used"
  },
  {
    "level": "ERROR",
    "message": "NDK at D:\\Professional\\Android\\sdk\\ndk\\21.1.6352462 did not have a source.properties file"
  },
  {
    "level": "INFO",
    "message": "Folder D:\\Professional\\Android\\sdk\\ndk\\21.1.6352462 does not exist. Ignoring."
  },
  {
    "level": "INFO",
    "message": "Folder D:\\Professional\\Android\\sdk\\ndk-bundle does not exist. Ignoring."
  },
  {
    "level": "INFO",
    "message": "No NDK was found. Trying to download it now."
  }
]